	Command being timed: "bash -c 
for i in $(seq 1 30); do
    './basemake' 'SELECT COUNT(*) FROM stress_orders' >/dev/null 2>&1
done
echo '30/30 completed'
"
	User time (seconds): 0.41
	System time (seconds): 0.41
	Percent of CPU this job got: 22%
	Elapsed (wall clock) time (h:mm:ss or m:ss): 0:03.75
	Average shared text size (kbytes): 0
	Average unshared data size (kbytes): 0
	Average stack size (kbytes): 0
	Average total size (kbytes): 0
	Maximum resident set size (kbytes): 12416
	Average resident set size (kbytes): 0
	Major (requiring I/O) page faults: 0
	Minor (reclaiming a frame) page faults: 23236
	Voluntary context switches: 6165
	Involuntary context switches: 121
	Swaps: 0
	File system inputs: 0
	File system outputs: 2912
	Socket messages sent: 0
	Socket messages received: 0
	Signals delivered: 0
	Page size (bytes): 4096
	Exit status: 0
