	Command being timed: "bash -c 
for i in $(seq 1 50); do
    './basemake' 'SELECT COUNT(*) FROM stress_orders WHERE user_id = '$((RANDOM % 500000))'' >/dev/null 2>&1 &
done
wait
echo '50 concurrent queries completed'
"
	User time (seconds): 0.42
	System time (seconds): 0.52
	Percent of CPU this job got: 196%
	Elapsed (wall clock) time (h:mm:ss or m:ss): 0:00.48
	Average shared text size (kbytes): 0
	Average unshared data size (kbytes): 0
	Average stack size (kbytes): 0
	Average total size (kbytes): 0
	Maximum resident set size (kbytes): 13184
	Average resident set size (kbytes): 0
	Major (requiring I/O) page faults: 0
	Minor (reclaiming a frame) page faults: 40170
	Voluntary context switches: 11940
	Involuntary context switches: 4886
	Swaps: 0
	File system inputs: 0
	File system outputs: 984
	Socket messages sent: 0
	Socket messages received: 0
	Signals delivered: 0
	Page size (bytes): 4096
	Exit status: 0
