Running EXPLAIN ANALYZE...
Analysis completed in 882ms

	Command being timed: "bash -c './basemake' analyze 'SELECT u.country, COUNT(o.id) FROM stress_users u JOIN stress_orders o ON u.id = o.user_id GROUP BY u.country'"
	User time (seconds): 0.01
	System time (seconds): 0.01
	Percent of CPU this job got: 2%
	Elapsed (wall clock) time (h:mm:ss or m:ss): 0:00.91
	Average shared text size (kbytes): 0
	Average unshared data size (kbytes): 0
	Average stack size (kbytes): 0
	Average total size (kbytes): 0
	Maximum resident set size (kbytes): 10752
	Average resident set size (kbytes): 0
	Major (requiring I/O) page faults: 0
	Minor (reclaiming a frame) page faults: 761
	Voluntary context switches: 152
	Involuntary context switches: 37
	Swaps: 0
	File system inputs: 0
	File system outputs: 16
	Socket messages sent: 0
	Socket messages received: 0
	Signals delivered: 0
	Page size (bytes): 4096
	Exit status: 0
