Execution Time: 876.22 ms
Planning Time: 1.91 ms

Scan Summary:
  Sequential Scans: 2
  Index Scans: 0
  Heaviest Node: Aggregate on  (875.8ms)

Plan Tree:
Aggregate (875.8ms, 10 rows)
  Gather Merge (875.8ms, 30 rows)
    Sort (853.9ms, 10 rows)
      Aggregate (853.8ms, 10 rows)
        Hash Join (694.7ms, 666667 rows)
          Seq Scan on stress_orders (100.3ms, 666667 rows)
          Hash (127.2ms, 166667 rows)
            Seq Scan on stress_users (45.0ms, 166667 rows)

Issues:
🔴 Slow node: Aggregate on unknown (875.8ms)
   → Investigate this node — consider query rewrite or index strategy
🔴 Slow node: Gather Merge on unknown (875.8ms)
   → Investigate this node — consider query rewrite or index strategy
🔴 Slow node: Sort on unknown (853.9ms)
   → Investigate this node — consider query rewrite or index strategy
🔴 Slow node: Aggregate on unknown (853.8ms)
   → Investigate this node — consider query rewrite or index strategy
🔴 Slow node: Hash Join on unknown (694.7ms)
   → Investigate this node — consider query rewrite or index strategy
🟡 Sequential scan on stress_orders (666667 rows, 100.3ms)
   → Consider adding an index on stress_orders for columns used in WHERE or JOIN conditions
🔴 Slow node: Seq Scan on stress_orders (100.3ms)
   → Investigate this node — consider query rewrite or index strategy
🔴 Slow node: Hash on unknown (127.2ms)
   → Investigate this node — consider query rewrite or index strategy
🟡 Sequential scan on stress_users (166667 rows, 45.0ms)
   → Consider adding an index on stress_users for columns used in WHERE or JOIN conditions

