Schema diff: cached → live

50 change(s) detected
──────────────────────────────────────────────────

  stress_tmp_31:
    + Table "stress_tmp_31" exists in live but not in cached
  stress_tmp_32:
    + Table "stress_tmp_32" exists in live but not in cached
  stress_tmp_39:
    + Table "stress_tmp_39" exists in live but not in cached
  stress_tmp_5:
    + Table "stress_tmp_5" exists in live but not in cached
  stress_tmp_50:
    + Table "stress_tmp_50" exists in live but not in cached
  stress_tmp_24:
    + Table "stress_tmp_24" exists in live but not in cached
  stress_tmp_38:
    + Table "stress_tmp_38" exists in live but not in cached
  stress_tmp_40:
    + Table "stress_tmp_40" exists in live but not in cached
  stress_tmp_42:
    + Table "stress_tmp_42" exists in live but not in cached
  stress_tmp_45:
    + Table "stress_tmp_45" exists in live but not in cached
  stress_tmp_46:
    + Table "stress_tmp_46" exists in live but not in cached
  stress_tmp_48:
    + Table "stress_tmp_48" exists in live but not in cached
  stress_tmp_7:
    + Table "stress_tmp_7" exists in live but not in cached
  stress_tmp_34:
    + Table "stress_tmp_34" exists in live but not in cached
  stress_tmp_41:
    + Table "stress_tmp_41" exists in live but not in cached
  stress_tmp_49:
    + Table "stress_tmp_49" exists in live but not in cached
  stress_tmp_8:
    + Table "stress_tmp_8" exists in live but not in cached
  stress_tmp_9:
    + Table "stress_tmp_9" exists in live but not in cached
  stress_tmp_14:
    + Table "stress_tmp_14" exists in live but not in cached
  stress_tmp_2:
    + Table "stress_tmp_2" exists in live but not in cached
  stress_tmp_20:
    + Table "stress_tmp_20" exists in live but not in cached
  stress_tmp_25:
    + Table "stress_tmp_25" exists in live but not in cached
  stress_tmp_36:
    + Table "stress_tmp_36" exists in live but not in cached
  stress_tmp_37:
    + Table "stress_tmp_37" exists in live but not in cached
  stress_tmp_21:
    + Table "stress_tmp_21" exists in live but not in cached
  stress_tmp_22:
    + Table "stress_tmp_22" exists in live but not in cached
  stress_tmp_4:
    + Table "stress_tmp_4" exists in live but not in cached
  stress_tmp_43:
    + Table "stress_tmp_43" exists in live but not in cached
  stress_tmp_6:
    + Table "stress_tmp_6" exists in live but not in cached
  stress_tmp_10:
    + Table "stress_tmp_10" exists in live but not in cached
  stress_tmp_18:
    + Table "stress_tmp_18" exists in live but not in cached
  stress_tmp_23:
    + Table "stress_tmp_23" exists in live but not in cached
  stress_tmp_44:
    + Table "stress_tmp_44" exists in live but not in cached
  stress_tmp_47:
    + Table "stress_tmp_47" exists in live but not in cached
  stress_tmp_12:
    + Table "stress_tmp_12" exists in live but not in cached
  stress_tmp_13:
    + Table "stress_tmp_13" exists in live but not in cached
  stress_tmp_15:
    + Table "stress_tmp_15" exists in live but not in cached
  stress_tmp_16:
    + Table "stress_tmp_16" exists in live but not in cached
  stress_tmp_17:
    + Table "stress_tmp_17" exists in live but not in cached
  stress_tmp_19:
    + Table "stress_tmp_19" exists in live but not in cached
  stress_tmp_27:
    + Table "stress_tmp_27" exists in live but not in cached
  stress_tmp_1:
    + Table "stress_tmp_1" exists in live but not in cached
  stress_tmp_11:
    + Table "stress_tmp_11" exists in live but not in cached
  stress_tmp_28:
    + Table "stress_tmp_28" exists in live but not in cached
  stress_tmp_29:
    + Table "stress_tmp_29" exists in live but not in cached
  stress_tmp_3:
    + Table "stress_tmp_3" exists in live but not in cached
  stress_tmp_30:
    + Table "stress_tmp_30" exists in live but not in cached
  stress_tmp_33:
    + Table "stress_tmp_33" exists in live but not in cached
  stress_tmp_35:
    + Table "stress_tmp_35" exists in live but not in cached
  stress_tmp_26:
    + Table "stress_tmp_26" exists in live but not in cached
