	Command being timed: "bash -c './basemake' query --no-stream $'SELECT u.name,\n(SELECT COUNT(*) FROM stress_orders o WHERE o.user_id = u.id AND status = \'delivered\') as d1,\n(SELECT COUNT(*) FROM stress_orders o WHERE o.user_id = u.id AND status = \'pending\') as d2,\n(SELECT COUNT(*) FROM stress_orders o WHERE o.user_id = u.id AND status = \'cancelled\') as d3,\n(SELECT COUNT(*) FROM stress_orders o WHERE o.user_id = u.id AND status = \'shipped\') as d4,\n(SELECT COUNT(*) FROM stress_orders o WHERE o.user_id = u.id AND status = \'processing\') as d5,\n(SELECT COUNT(*) FROM stress_orders o WHERE o.user_id = u.id AND status = \'returned\') as d6,\n(SELECT AVG(total) FROM stress_orders o WHERE o.user_id = u.id) as avg_order,\n(SELECT SUM(total) FROM stress_orders o WHERE o.user_id = u.id) as total_spent,\n(SELECT MAX(total) FROM stress_orders o WHERE o.user_id = u.id) as max_order,\n(SELECT MIN(total) FROM stress_orders o WHERE o.user_id = u.id) as min_order,\n(SELECT COUNT(*) FROM stress_orders o WHERE o.user_id = u.id AND o.ordered_at > NOW() - INTERVAL \'30 days\') as recent_30d,\n(SELECT COUNT(*) FROM stress_orders o WHERE o.user_id = u.id AND o.ordered_at > NOW() - INTERVAL \'90 days\') as recent_90d\nFROM stress_users u LIMIT 5;'"
	User time (seconds): 0.02
	System time (seconds): 0.02
	Percent of CPU this job got: 67%
	Elapsed (wall clock) time (h:mm:ss or m:ss): 0:00.07
	Average shared text size (kbytes): 0
	Average unshared data size (kbytes): 0
	Average stack size (kbytes): 0
	Average total size (kbytes): 0
	Maximum resident set size (kbytes): 11904
	Average resident set size (kbytes): 0
	Major (requiring I/O) page faults: 0
	Minor (reclaiming a frame) page faults: 836
	Voluntary context switches: 245
	Involuntary context switches: 2
	Swaps: 0
	File system inputs: 0
	File system outputs: 128
	Socket messages sent: 0
	Socket messages received: 0
	Signals delivered: 0
	Page size (bytes): 4096
	Exit status: 0
