	Command being timed: "bash -c './basemake' "SELECT u.country, p.category, COUNT(*) as sales, RANK() OVER (PARTITION BY u.country ORDER BY COUNT(*) DESC) as rank FROM stress_orders o JOIN stress_users u ON o.user_id = u.id JOIN stress_products p ON o.product_id = p.id GROUP BY u.country, p.category ORDER BY u.country, rank LIMIT 30""
	User time (seconds): 0.02
	System time (seconds): 0.01
	Percent of CPU this job got: 2%
	Elapsed (wall clock) time (h:mm:ss or m:ss): 0:01.45
	Average shared text size (kbytes): 0
	Average unshared data size (kbytes): 0
	Average stack size (kbytes): 0
	Average total size (kbytes): 0
	Maximum resident set size (kbytes): 12032
	Average resident set size (kbytes): 0
	Major (requiring I/O) page faults: 0
	Minor (reclaiming a frame) page faults: 824
	Voluntary context switches: 212
	Involuntary context switches: 4
	Swaps: 0
	File system inputs: 0
	File system outputs: 104
	Socket messages sent: 0
	Socket messages received: 0
	Signals delivered: 0
	Page size (bytes): 4096
	Exit status: 0
