	Command being timed: "bash -c './basemake' 'SELECT status, COUNT(*) as cnt, AVG(total)::numeric(10,2) as avg_total, SUM(total)::numeric(12,2) as revenue FROM stress_orders GROUP BY status ORDER BY cnt DESC'"
	User time (seconds): 0.02
	System time (seconds): 0.01
	Percent of CPU this job got: 8%
	Elapsed (wall clock) time (h:mm:ss or m:ss): 0:00.37
	Average shared text size (kbytes): 0
	Average unshared data size (kbytes): 0
	Average stack size (kbytes): 0
	Average total size (kbytes): 0
	Maximum resident set size (kbytes): 12160
	Average resident set size (kbytes): 0
	Major (requiring I/O) page faults: 0
	Minor (reclaiming a frame) page faults: 856
	Voluntary context switches: 223
	Involuntary context switches: 4
	Swaps: 0
	File system inputs: 0
	File system outputs: 104
	Socket messages sent: 0
	Socket messages received: 0
	Signals delivered: 0
	Page size (bytes): 4096
	Exit status: 0
