	Command being timed: "bash -c './basemake' 'SELECT u.name, COUNT(o.id) as order_count FROM stress_users u LEFT JOIN stress_orders o ON u.id = o.user_id GROUP BY u.id, u.name ORDER BY order_count DESC LIMIT 20'"
	User time (seconds): 0.01
	System time (seconds): 0.02
	Percent of CPU this job got: 0%
	Elapsed (wall clock) time (h:mm:ss or m:ss): 0:06.33
	Average shared text size (kbytes): 0
	Average unshared data size (kbytes): 0
	Average stack size (kbytes): 0
	Average total size (kbytes): 0
	Maximum resident set size (kbytes): 12160
	Average resident set size (kbytes): 0
	Major (requiring I/O) page faults: 0
	Minor (reclaiming a frame) page faults: 825
	Voluntary context switches: 187
	Involuntary context switches: 3
	Swaps: 0
	File system inputs: 0
	File system outputs: 104
	Socket messages sent: 0
	Socket messages received: 0
	Signals delivered: 0
	Page size (bytes): 4096
	Exit status: 0
