	Command being timed: "bash -c './basemake' 'SELECT u.plan, EXTRACT(MONTH FROM o.ordered_at) as month, COUNT(*) as orders_per_month, SUM(o.total) as rev FROM stress_orders o JOIN stress_users u ON o.user_id = u.id GROUP BY u.plan, EXTRACT(MONTH FROM o.ordered_at) ORDER BY u.plan, month'"
	User time (seconds): 0.01
	System time (seconds): 0.02
	Percent of CPU this job got: 1%
	Elapsed (wall clock) time (h:mm:ss or m:ss): 0:02.17
	Average shared text size (kbytes): 0
	Average unshared data size (kbytes): 0
	Average stack size (kbytes): 0
	Average total size (kbytes): 0
	Maximum resident set size (kbytes): 12032
	Average resident set size (kbytes): 0
	Major (requiring I/O) page faults: 0
	Minor (reclaiming a frame) page faults: 827
	Voluntary context switches: 213
	Involuntary context switches: 7
	Swaps: 0
	File system inputs: 0
	File system outputs: 104
	Socket messages sent: 0
	Socket messages received: 0
	Signals delivered: 0
	Page size (bytes): 4096
	Exit status: 0
