	Command being timed: "bash -c 
PGPASSWORD=basemakestress psql -h 127.0.0.1 -p 5433 -U basemake -d stressdb -c "
DO \$\$ BEGIN FOR i IN 1..50 LOOP EXECUTE 'CREATE TABLE IF NOT EXISTS stress_tmp_' || i || ' (id INT, val TEXT)'; END LOOP; END \$\$;"
echo '50 temp tables created'
"
	User time (seconds): 0.05
	System time (seconds): 0.01
	Percent of CPU this job got: 32%
	Elapsed (wall clock) time (h:mm:ss or m:ss): 0:00.22
	Average shared text size (kbytes): 0
	Average unshared data size (kbytes): 0
	Average stack size (kbytes): 0
	Average total size (kbytes): 0
	Maximum resident set size (kbytes): 12928
	Average resident set size (kbytes): 0
	Major (requiring I/O) page faults: 0
	Minor (reclaiming a frame) page faults: 2056
	Voluntary context switches: 10
	Involuntary context switches: 5
	Swaps: 0
	File system inputs: 0
	File system outputs: 8
	Socket messages sent: 0
	Socket messages received: 0
	Signals delivered: 0
	Page size (bytes): 4096
	Exit status: 0
