	Command being timed: "bash -c curl -sf -X POST http://localhost:9876/api/events -H 'Content-Type: application/json' -d '{"sql":"SELECT 1","duration_ms":50,"user_name":"stress-test","hostname":"localhost"}'"
	User time (seconds): 0.00
	System time (seconds): 0.00
	Percent of CPU this job got: 56%
	Elapsed (wall clock) time (h:mm:ss or m:ss): 0:00.01
	Average shared text size (kbytes): 0
	Average unshared data size (kbytes): 0
	Average stack size (kbytes): 0
	Average total size (kbytes): 0
	Maximum resident set size (kbytes): 11136
	Average resident set size (kbytes): 0
	Major (requiring I/O) page faults: 0
	Minor (reclaiming a frame) page faults: 746
	Voluntary context switches: 2
	Involuntary context switches: 38
	Swaps: 0
	File system inputs: 0
	File system outputs: 8
	Socket messages sent: 0
	Socket messages received: 0
	Signals delivered: 0
	Page size (bytes): 4096
	Exit status: 0
